<?xml version="1.0" encoding="UTF-8"?>
<!-- Generated by org.testng.reporters.JUnitXMLReporter -->
<testsuite ignored="0" hostname="DESKTOP-7OK20NU" failures="0" tests="5" name="Default test" time="9.813" errors="0" timestamp="2024-08-27T03:58:15 EET">
  <testcase classname="MyPackage.DBClass" name="InsertTest" time="0.019"/>
  <testcase classname="MyPackage.DBClass" name="SelectTest1" time="0.033"/>
  <testcase classname="MyPackage.DBClass" name="UpdateTest" time="0.005"/>
  <testcase classname="MyPackage.DBClass" name="SelectTest" time="9.371"/>
  <testcase classname="MyPackage.DBClass" name="DeleteTest" time="0.007"/>
</testsuite> <!-- Default test -->
