<?xml version="1.0" encoding="UTF-8"?>
<!-- Generated by org.testng.reporters.JUnitXMLReporter -->
<testsuite ignored="0" hostname="DESKTOP-7OK20NU" failures="0" tests="5" name="Default test" time="4.756" errors="0" timestamp="2024-08-27T04:12:55 EET">
  <testcase classname="MyPackage.DBClass" name="InsertTest" time="0.02"/>
  <testcase classname="MyPackage.DBClass" name="SelectTest1" time="0.029"/>
  <testcase classname="MyPackage.DBClass" name="UpdateTest" time="0.005"/>
  <testcase classname="MyPackage.DBClass" name="SelectTest" time="4.33"/>
  <testcase classname="MyPackage.DBClass" name="DeleteTest" time="0.006"/>
</testsuite> <!-- Default test -->
